# JRE version: OpenJDK Runtime Environment (8.0_212-b04) (build 1.8.0_212-release-1586-b04)
# Java VM: OpenJDK 64-Bit Server VM (25.212-b04 mixed mode windows-amd64 compressed oops)
Heap:
 PSYoungGen      total 109568K, used 40385K [0x00000000e0000000, 0x00000000e8300000, 0x0000000100000000)
  eden space 98816K, 29% used [0x00000000e0000000,0x00000000e1cf0b60,0x00000000e6080000)
  from space 10752K, 99% used [0x00000000e6f00000,0x00000000e797fa28,0x00000000e7980000)
  to   space 14848K, 0% used [0x00000000e6080000,0x00000000e6080000,0x00000000e6f00000)
 ParOldGen       total 69120K, used 23576K [0x00000000a0000000, 0x00000000a4380000, 0x00000000e0000000)
  object space 69120K, 34% used [0x00000000a0000000,0x00000000a17063c0,0x00000000a4380000)
 Metaspace       used 52300K, capacity 53170K, committed 53464K, reserved 1095680K
  class space    used 6755K, capacity 7128K, committed 7168K, reserved 1048576K
GC Heap History (10 events):
Event: 59.689 GC heap before
{Heap before GC invocations=18 (full 2):
 PSYoungGen      total 83456K, used 76676K [0x00000000e0000000, 0x00000000e6780000, 0x0000000100000000)
  eden space 73216K, 100% used [0x00000000e0000000,0x00000000e4780000,0x00000000e4780000)
  from space 10240K, 33% used [0x00000000e4780000,0x00000000e4ae1368,0x00000000e5180000)
  to   space 9728K, 0% used [0x00000000e5e00000,0x00000000e5e00000,0x00000000e6780000)
 ParOldGen       total 69120K, used 16206K [0x00000000a0000000, 0x00000000a4380000, 0x00000000e0000000)
  object space 69120K, 23% used [0x00000000a0000000,0x00000000a0fd3988,0x00000000a4380000)
 Metaspace       used 39940K, capacity 40296K, committed 40664K, reserved 1085440K
  class space    used 5191K, capacity 5368K, committed 5376K, reserved 1048576K
Event: 59.695 GC heap after
Heap after GC invocations=18 (full 2):
 PSYoungGen      total 93184K, used 5306K [0x00000000e0000000, 0x00000000e6600000, 0x0000000100000000)
  eden space 84992K, 0% used [0x00000000e0000000,0x00000000e0000000,0x00000000e5300000)
  from space 8192K, 64% used [0x00000000e5e00000,0x00000000e632e9c8,0x00000000e6600000)
  to   space 9728K, 0% used [0x00000000e5300000,0x00000000e5300000,0x00000000e5c80000)
 ParOldGen       total 69120K, used 16214K [0x00000000a0000000, 0x00000000a4380000, 0x00000000e0000000)
  object space 69120K, 23% used [0x00000000a0000000,0x00000000a0fd5988,0x00000000a4380000)
 Metaspace       used 39940K, capacity 40296K, committed 40664K, reserved 1085440K
  class space    used 5191K, capacity 5368K, committed 5376K, reserved 1048576K
}
Event: 60.886 GC heap before
{Heap before GC invocations=19 (full 2):
 PSYoungGen      total 93184K, used 90298K [0x00000000e0000000, 0x00000000e6600000, 0x0000000100000000)
  eden space 84992K, 100% used [0x00000000e0000000,0x00000000e5300000,0x00000000e5300000)
  from space 8192K, 64% used [0x00000000e5e00000,0x00000000e632e9c8,0x00000000e6600000)
  to   space 9728K, 0% used [0x00000000e5300000,0x00000000e5300000,0x00000000e5c80000)
 ParOldGen       total 69120K, used 16214K [0x00000000a0000000, 0x00000000a4380000, 0x00000000e0000000)
  object space 69120K, 23% used [0x00000000a0000000,0x00000000a0fd5988,0x00000000a4380000)
 Metaspace       used 39950K, capacity 40296K, committed 40664K, reserved 1085440K
  class space    used 5192K, capacity 5368K, committed 5376K, reserved 1048576K
Event: 60.891 GC heap after
Heap after GC invocations=19 (full 2):
 PSYoungGen      total 94720K, used 4066K [0x00000000e0000000, 0x00000000e6d80000, 0x0000000100000000)
  eden space 84992K, 0% used [0x00000000e0000000,0x00000000e0000000,0x00000000e5300000)
  from space 9728K, 41% used [0x00000000e5300000,0x00000000e56f8820,0x00000000e5c80000)
  to   space 9216K, 0% used [0x00000000e6480000,0x00000000e6480000,0x00000000e6d80000)
 ParOldGen       total 69120K, used 16214K [0x00000000a0000000, 0x00000000a4380000, 0x00000000e0000000)
  object space 69120K, 23% used [0x00000000a0000000,0x00000000a0fd5988,0x00000000a4380000)
 Metaspace       used 39950K, capacity 40296K, committed 40664K, reserved 1085440K
  class space    used 5192K, capacity 5368K, committed 5376K, reserved 1048576K
}
Event: 62.145 GC heap before
{Heap before GC invocations=20 (full 2):
 PSYoungGen      total 94720K, used 89058K [0x00000000e0000000, 0x00000000e6d80000, 0x0000000100000000)
  eden space 84992K, 100% used [0x00000000e0000000,0x00000000e5300000,0x00000000e5300000)
  from space 9728K, 41% used [0x00000000e5300000,0x00000000e56f8820,0x00000000e5c80000)
  to   space 9216K, 0% used [0x00000000e6480000,0x00000000e6480000,0x00000000e6d80000)
 ParOldGen       total 69120K, used 16214K [0x00000000a0000000, 0x00000000a4380000, 0x00000000e0000000)
  object space 69120K, 23% used [0x00000000a0000000,0x00000000a0fd5988,0x00000000a4380000)
 Metaspace       used 39951K, capacity 40296K, committed 40664K, reserved 1085440K
  class space    used 5192K, capacity 5368K, committed 5376K, reserved 1048576K
Event: 62.154 GC heap after
Heap after GC invocations=20 (full 2):
 PSYoungGen      total 101888K, used 8747K [0x00000000e0000000, 0x00000000e7100000, 0x0000000100000000)
  eden space 92672K, 0% used [0x00000000e0000000,0x00000000e0000000,0x00000000e5a80000)
  from space 9216K, 94% used [0x00000000e6480000,0x00000000e6d0ae00,0x00000000e6d80000)
  to   space 10240K, 0% used [0x00000000e5a80000,0x00000000e5a80000,0x00000000e6480000)
 ParOldGen       total 69120K, used 16222K [0x00000000a0000000, 0x00000000a4380000, 0x00000000e0000000)
  object space 69120K, 23% used [0x00000000a0000000,0x00000000a0fd7988,0x00000000a4380000)
 Metaspace       used 39951K, capacity 40296K, committed 40664K, reserved 1085440K
  class space    used 5192K, capacity 5368K, committed 5376K, reserved 1048576K
}
Event: 66.777 GC heap before
{Heap before GC invocations=21 (full 2):
 PSYoungGen      total 101888K, used 101419K [0x00000000e0000000, 0x00000000e7100000, 0x0000000100000000)
  eden space 92672K, 100% used [0x00000000e0000000,0x00000000e5a80000,0x00000000e5a80000)
  from space 9216K, 94% used [0x00000000e6480000,0x00000000e6d0ae00,0x00000000e6d80000)
  to   space 10240K, 0% used [0x00000000e5a80000,0x00000000e5a80000,0x00000000e6480000)
 ParOldGen       total 69120K, used 16222K [0x00000000a0000000, 0x00000000a4380000, 0x00000000e0000000)
  object space 69120K, 23% used [0x00000000a0000000,0x00000000a0fd7988,0x00000000a4380000)
 Metaspace       used 45110K, capacity 45720K, committed 46040K, reserved 1089536K
  class space    used 5826K, capacity 6071K, committed 6144K, reserved 1048576K
Event: 66.789 GC heap after
Heap after GC invocations=21 (full 2):
 PSYoungGen      total 102912K, used 8404K [0x00000000e0000000, 0x00000000e7980000, 0x0000000100000000)
  eden space 92672K, 0% used [0x00000000e0000000,0x00000000e0000000,0x00000000e5a80000)
  from space 10240K, 82% used [0x00000000e5a80000,0x00000000e62b5110,0x00000000e6480000)
  to   space 10752K, 0% used [0x00000000e6f00000,0x00000000e6f00000,0x00000000e7980000)
 ParOldGen       total 69120K, used 16230K [0x00000000a0000000, 0x00000000a4380000, 0x00000000e0000000)
  object space 69120K, 23% used [0x00000000a0000000,0x00000000a0fd9988,0x00000000a4380000)
 Metaspace       used 45110K, capacity 45720K, committed 46040K, reserved 1089536K
  class space    used 5826K, capacity 6071K, committed 6144K, reserved 1048576K
}
Event: 69.589 GC heap before
{Heap before GC invocations=22 (full 2):
 PSYoungGen      total 102912K, used 101076K [0x00000000e0000000, 0x00000000e7980000, 0x0000000100000000)
  eden space 92672K, 100% used [0x00000000e0000000,0x00000000e5a80000,0x00000000e5a80000)
  from space 10240K, 82% used [0x00000000e5a80000,0x00000000e62b5110,0x00000000e6480000)
  to   space 10752K, 0% used [0x00000000e6f00000,0x00000000e6f00000,0x00000000e7980000)
 ParOldGen       total 69120K, used 16230K [0x00000000a0000000, 0x00000000a4380000, 0x00000000e0000000)
  object space 69120K, 23% used [0x00000000a0000000,0x00000000a0fd9988,0x00000000a4380000)
 Metaspace       used 51724K, capacity 52552K, committed 52824K, reserved 1095680K
  class space    used 6640K, capacity 6944K, committed 7040K, reserved 1048576K
Event: 69.612 GC heap after
Heap after GC invocations=22 (full 2):
 PSYoungGen      total 109568K, used 10750K [0x00000000e0000000, 0x00000000e8300000, 0x0000000100000000)
  eden space 98816K, 0% used [0x00000000e0000000,0x00000000e0000000,0x00000000e6080000)
  from space 10752K, 99% used [0x00000000e6f00000,0x00000000e797fa28,0x00000000e7980000)
  to   space 14848K, 0% used [0x00000000e6080000,0x00000000e6080000,0x00000000e6f00000)
 ParOldGen       total 69120K, used 23576K [0x00000000a0000000, 0x00000000a4380000, 0x00000000e0000000)
  object space 69120K, 34% used [0x00000000a0000000,0x00000000a17063c0,0x00000000a4380000)
 Metaspace       used 51724K, capacity 52552K, committed 52824K, reserved 1095680K
  class space    used 6640K, capacity 6944K, committed 7040K, reserved 1048576K
}

