# JRE version: OpenJDK Runtime Environment (8.0_212-b04) (build 1.8.0_212-release-1586-b04)
# Java VM: OpenJDK 64-Bit Server VM (25.212-b04 mixed mode windows-amd64 compressed oops)
Heap:
 PSYoungGen      total 179200K, used 58659K [0x00000000e0000000, 0x00000000ed000000, 0x0000000100000000)
  eden space 149504K, 27% used [0x00000000e0000000,0x00000000e279d380,0x00000000e9200000)
  from space 29696K, 60% used [0x00000000eaf00000,0x00000000ec0ab8a8,0x00000000ecc00000)
  to   space 29696K, 0% used [0x00000000e9200000,0x00000000e9200000,0x00000000eaf00000)
 ParOldGen       total 201728K, used 93466K [0x00000000a0000000, 0x00000000ac500000, 0x00000000e0000000)
  object space 201728K, 46% used [0x00000000a0000000,0x00000000a5b46838,0x00000000ac500000)
 Metaspace       used 135371K, capacity 140868K, committed 141144K, reserved 1171456K
  class space    used 17731K, capacity 18964K, committed 19072K, reserved 1048576K
GC Heap History (10 events):
Event: 242.016 GC heap before
{Heap before GC invocations=30 (full 4):
 PSYoungGen      total 144384K, used 10016K [0x00000000e0000000, 0x00000000ead80000, 0x0000000100000000)
  eden space 116736K, 0% used [0x00000000e0000000,0x00000000e0000000,0x00000000e7200000)
  from space 27648K, 36% used [0x00000000e8c00000,0x00000000e95c8228,0x00000000ea700000)
  to   space 26624K, 0% used [0x00000000e7200000,0x00000000e7200000,0x00000000e8c00000)
 ParOldGen       total 127488K, used 95375K [0x00000000a0000000, 0x00000000a7c80000, 0x00000000e0000000)
  object space 127488K, 74% used [0x00000000a0000000,0x00000000a5d23f50,0x00000000a7c80000)
 Metaspace       used 93858K, capacity 98006K, committed 98280K, reserved 1134592K
  class space    used 12652K, capacity 13603K, committed 13696K, reserved 1048576K
Event: 242.299 GC heap after
Heap after GC invocations=30 (full 4):
 PSYoungGen      total 144384K, used 0K [0x00000000e0000000, 0x00000000ead80000, 0x0000000100000000)
  eden space 116736K, 0% used [0x00000000e0000000,0x00000000e0000000,0x00000000e7200000)
  from space 27648K, 0% used [0x00000000e8c00000,0x00000000e8c00000,0x00000000ea700000)
  to   space 26624K, 0% used [0x00000000e7200000,0x00000000e7200000,0x00000000e8c00000)
 ParOldGen       total 201728K, used 81037K [0x00000000a0000000, 0x00000000ac500000, 0x00000000e0000000)
  object space 201728K, 40% used [0x00000000a0000000,0x00000000a4f23680,0x00000000ac500000)
 Metaspace       used 93737K, capacity 97654K, committed 98280K, reserved 1134592K
  class space    used 12613K, capacity 13533K, committed 13696K, reserved 1048576K
}
Event: 255.931 GC heap before
{Heap before GC invocations=31 (full 4):
 PSYoungGen      total 144384K, used 116736K [0x00000000e0000000, 0x00000000ead80000, 0x0000000100000000)
  eden space 116736K, 100% used [0x00000000e0000000,0x00000000e7200000,0x00000000e7200000)
  from space 27648K, 0% used [0x00000000e8c00000,0x00000000e8c00000,0x00000000ea700000)
  to   space 26624K, 0% used [0x00000000e7200000,0x00000000e7200000,0x00000000e8c00000)
 ParOldGen       total 201728K, used 81037K [0x00000000a0000000, 0x00000000ac500000, 0x00000000e0000000)
  object space 201728K, 40% used [0x00000000a0000000,0x00000000a4f23680,0x00000000ac500000)
 Metaspace       used 111851K, capacity 116234K, committed 116696K, reserved 1150976K
  class space    used 14780K, capacity 15820K, committed 15872K, reserved 1048576K
Event: 255.959 GC heap after
Heap after GC invocations=31 (full 4):
 PSYoungGen      total 143360K, used 26601K [0x00000000e0000000, 0x00000000ebf80000, 0x0000000100000000)
  eden space 116736K, 0% used [0x00000000e0000000,0x00000000e0000000,0x00000000e7200000)
  from space 26624K, 99% used [0x00000000e7200000,0x00000000e8bfa5b0,0x00000000e8c00000)
  to   space 30720K, 0% used [0x00000000ea180000,0x00000000ea180000,0x00000000ebf80000)
 ParOldGen       total 201728K, used 82139K [0x00000000a0000000, 0x00000000ac500000, 0x00000000e0000000)
  object space 201728K, 40% used [0x00000000a0000000,0x00000000a5036f00,0x00000000ac500000)
 Metaspace       used 111851K, capacity 116234K, committed 116696K, reserved 1150976K
  class space    used 14780K, capacity 15820K, committed 15872K, reserved 1048576K
}
Event: 266.664 GC heap before
{Heap before GC invocations=32 (full 4):
 PSYoungGen      total 143360K, used 143337K [0x00000000e0000000, 0x00000000ebf80000, 0x0000000100000000)
  eden space 116736K, 100% used [0x00000000e0000000,0x00000000e7200000,0x00000000e7200000)
  from space 26624K, 99% used [0x00000000e7200000,0x00000000e8bfa5b0,0x00000000e8c00000)
  to   space 30720K, 0% used [0x00000000ea180000,0x00000000ea180000,0x00000000ebf80000)
 ParOldGen       total 201728K, used 82139K [0x00000000a0000000, 0x00000000ac500000, 0x00000000e0000000)
  object space 201728K, 40% used [0x00000000a0000000,0x00000000a5036f00,0x00000000ac500000)
 Metaspace       used 119339K, capacity 123778K, committed 124248K, reserved 1157120K
  class space    used 15892K, capacity 16942K, committed 17024K, reserved 1048576K
Event: 266.692 GC heap after
Heap after GC invocations=32 (full 4):
 PSYoungGen      total 159232K, used 13208K [0x00000000e0000000, 0x00000000ebb00000, 0x0000000100000000)
  eden space 133120K, 0% used [0x00000000e0000000,0x00000000e0000000,0x00000000e8200000)
  from space 26112K, 50% used [0x00000000ea180000,0x00000000eae66138,0x00000000ebb00000)
  to   space 29184K, 0% used [0x00000000e8200000,0x00000000e8200000,0x00000000e9e80000)
 ParOldGen       total 201728K, used 93450K [0x00000000a0000000, 0x00000000ac500000, 0x00000000e0000000)
  object space 201728K, 46% used [0x00000000a0000000,0x00000000a5b42838,0x00000000ac500000)
 Metaspace       used 119339K, capacity 123778K, committed 124248K, reserved 1157120K
  class space    used 15892K, capacity 16942K, committed 17024K, reserved 1048576K
}
Event: 279.918 GC heap before
{Heap before GC invocations=33 (full 4):
 PSYoungGen      total 159232K, used 146328K [0x00000000e0000000, 0x00000000ebb00000, 0x0000000100000000)
  eden space 133120K, 100% used [0x00000000e0000000,0x00000000e8200000,0x00000000e8200000)
  from space 26112K, 50% used [0x00000000ea180000,0x00000000eae66138,0x00000000ebb00000)
  to   space 29184K, 0% used [0x00000000e8200000,0x00000000e8200000,0x00000000e9e80000)
 ParOldGen       total 201728K, used 93450K [0x00000000a0000000, 0x00000000ac500000, 0x00000000e0000000)
  object space 201728K, 46% used [0x00000000a0000000,0x00000000a5b42838,0x00000000ac500000)
 Metaspace       used 132549K, capacity 137550K, committed 137688K, reserved 1169408K
  class space    used 17458K, capacity 18643K, committed 18688K, reserved 1048576K
Event: 279.938 GC heap after
Heap after GC invocations=33 (full 4):
 PSYoungGen      total 162304K, used 19374K [0x00000000e0000000, 0x00000000ecc00000, 0x0000000100000000)
  eden space 133120K, 0% used [0x00000000e0000000,0x00000000e0000000,0x00000000e8200000)
  from space 29184K, 66% used [0x00000000e8200000,0x00000000e94ebbc0,0x00000000e9e80000)
  to   space 29696K, 0% used [0x00000000eaf00000,0x00000000eaf00000,0x00000000ecc00000)
 ParOldGen       total 201728K, used 93458K [0x00000000a0000000, 0x00000000ac500000, 0x00000000e0000000)
  object space 201728K, 46% used [0x00000000a0000000,0x00000000a5b44838,0x00000000ac500000)
 Metaspace       used 132549K, capacity 137550K, committed 137688K, reserved 1169408K
  class space    used 17458K, capacity 18643K, committed 18688K, reserved 1048576K
}
Event: 282.525 GC heap before
{Heap before GC invocations=34 (full 4):
 PSYoungGen      total 162304K, used 152494K [0x00000000e0000000, 0x00000000ecc00000, 0x0000000100000000)
  eden space 133120K, 100% used [0x00000000e0000000,0x00000000e8200000,0x00000000e8200000)
  from space 29184K, 66% used [0x00000000e8200000,0x00000000e94ebbc0,0x00000000e9e80000)
  to   space 29696K, 0% used [0x00000000eaf00000,0x00000000eaf00000,0x00000000ecc00000)
 ParOldGen       total 201728K, used 93458K [0x00000000a0000000, 0x00000000ac500000, 0x00000000e0000000)
  object space 201728K, 46% used [0x00000000a0000000,0x00000000a5b44838,0x00000000ac500000)
 Metaspace       used 135086K, capacity 140512K, committed 140632K, reserved 1171456K
  class space    used 17725K, capacity 18960K, committed 19072K, reserved 1048576K
Event: 282.572 GC heap after
Heap after GC invocations=34 (full 4):
 PSYoungGen      total 179200K, used 18094K [0x00000000e0000000, 0x00000000ed000000, 0x0000000100000000)
  eden space 149504K, 0% used [0x00000000e0000000,0x00000000e0000000,0x00000000e9200000)
  from space 29696K, 60% used [0x00000000eaf00000,0x00000000ec0ab8a8,0x00000000ecc00000)
  to   space 29696K, 0% used [0x00000000e9200000,0x00000000e9200000,0x00000000eaf00000)
 ParOldGen       total 201728K, used 93466K [0x00000000a0000000, 0x00000000ac500000, 0x00000000e0000000)
  object space 201728K, 46% used [0x00000000a0000000,0x00000000a5b46838,0x00000000ac500000)
 Metaspace       used 135086K, capacity 140512K, committed 140632K, reserved 1171456K
  class space    used 17725K, capacity 18960K, committed 19072K, reserved 1048576K
}

